<?xml version='1.0' encoding='UTF-8'?>
<testsuite hostname="DESKTOP-3I25LF2" name="TP_MapReduce_Test" tests="11" errors="0" failures="0" skipped="0" time="0.062" timestamp="2021-02-07T00:58:48">
                     <properties>
[...]
</properties>
                     <testcase classname="TP_MapReduce_Test" name="giveMeHelloString function" time="0.015">
                                                 
                                               </testcase><testcase classname="TP_MapReduce_Test" name="lastA function" time="0.0">
                                                 
                                               </testcase><testcase classname="TP_MapReduce_Test" name="lastB function" time="0.0">
                                                 
                                               </testcase><testcase classname="TP_MapReduce_Test" name="nthA function" time="0.0">
                                                 
                                               </testcase><testcase classname="TP_MapReduce_Test" name="nthB function" time="0.0">
                                                 
                                               </testcase><testcase classname="TP_MapReduce_Test" name="reverseA function" time="0.0">
                                                 
                                               </testcase><testcase classname="TP_MapReduce_Test" name="reverseB function" time="0.0">
                                                 
                                               </testcase><testcase classname="TP_MapReduce_Test" name="salarySum function" time="0.0">
                                                 
                                               </testcase><testcase classname="TP_MapReduce_Test" name="addressOf function" time="0.0">
                                                 
                                               </testcase><testcase classname="TP_MapReduce_Test" name="average function" time="0.0">
                                                 
                                               </testcase><testcase classname="TP_MapReduce_Test" name="monoid" time="0.047">
                                                 
                                               </testcase>
                     <system-out><![CDATA[]]></system-out>
                     <system-err><![CDATA[]]></system-err>
                   </testsuite>